<?xml version="1.0" encoding="UTF-8"?>
<!-- Generated by org.testng.reporters.JUnitXMLReporter -->
<testsuite ignored="10" hostname="DESKTOP-A47KEU6" failures="0" tests="1" name="Default test" time="63.649" errors="0" timestamp="2023-02-28T11:51:03 IST">
  <testcase classname="Testcases.TestCase_Login" name="DoctorsTest" time="44.286"/>
  <testcase classname="Testcases.TestCase_Login" name="LifeStyleTest" time="0.0">
    <ignored/>
  </testcase> <!-- LifeStyleTest -->
  <testcase classname="Testcases.TestCase_Login" name="LoginTest" time="0.0">
    <ignored/>
  </testcase> <!-- LoginTest -->
  <testcase classname="Testcases.TestCase_Login" name="MyDocTest" time="0.0">
    <ignored/>
  </testcase> <!-- MyDocTest -->
  <testcase classname="Testcases.TestCase_Login" name="bookAppointment" time="0.0">
    <ignored/>
  </testcase> <!-- bookAppointment -->
  <testcase classname="Testcases.TestCase_Login" name="MyVitals" time="0.0">
    <ignored/>
  </testcase> <!-- MyVitals -->
  <testcase classname="Testcases.TestCase_Login" name="LogoutTest" time="0.0">
    <ignored/>
  </testcase> <!-- LogoutTest -->
  <testcase classname="Testcases.TestCase_Login" name="NotesTest" time="0.0">
    <ignored/>
  </testcase> <!-- NotesTest -->
  <testcase classname="Testcases.TestCase_Login" name="OptionsTest" time="0.0">
    <ignored/>
  </testcase> <!-- OptionsTest -->
  <testcase classname="Testcases.TestCase_Login" name="MedicalTest" time="0.0">
    <ignored/>
  </testcase> <!-- MedicalTest -->
  <testcase classname="Testcases.TestCase_Login" name="MedicalRecords" time="0.0">
    <ignored/>
  </testcase> <!-- MedicalRecords -->
</testsuite> <!-- Default test -->
