<?xml version="1.0" encoding="UTF-8"?>
<testng-results ignored="10" total="11" passed="1" failed="0" skipped="0">
  <reporter-output>
  </reporter-output>
  <suite started-at="2023-02-28T11:49:59 IST" name="Default suite" finished-at="2023-02-28T11:51:03 IST" duration-ms="63649">
    <groups>
    </groups>
    <test started-at="2023-02-28T11:49:59 IST" name="Default test" finished-at="2023-02-28T11:51:03 IST" duration-ms="63649">
      <class name="Testcases.TestCase_Login">
        <test-method is-config="true" signature="Setup()[pri:0, instance:Testcases.TestCase_Login@55a147cc]" started-at="2023-02-28T11:49:59 IST" name="Setup" finished-at="2023-02-28T11:50:19 IST" duration-ms="19319" status="PASS">
          <reporter-output>
          </reporter-output>
        </test-method> <!-- Setup -->
        <test-method signature="DoctorsTest()[pri:0, instance:Testcases.TestCase_Login@55a147cc]" started-at="2023-02-28T11:50:19 IST" name="DoctorsTest" finished-at="2023-02-28T11:51:03 IST" duration-ms="44286" status="PASS">
          <reporter-output>
          </reporter-output>
        </test-method> <!-- DoctorsTest -->
      </class> <!-- Testcases.TestCase_Login -->
    </test> <!-- Default test -->
  </suite> <!-- Default suite -->
</testng-results>
